<?xml version="1.0" encoding="UTF-8"?>
<!-- Generated by org.testng.reporters.JUnitXMLReporter -->
<testsuite hostname="W2899320XTQU3" ignored="0" tests="11" failures="0" timestamp="23 Jul 2019 18:22:12 GMT" time="0.166" errors="0">
  <testcase name="checkFile" time="0.022" classname="PlotSlotManagerTest"/>
  <testcase name="createSlot" time="0.0" classname="PlotSlotManagerTest"/>
  <testcase name="createSlotwithError" time="0.0" classname="PlotSlotManagerTest"/>
  <testcase name="getAllRegistrationByColor" time="0.053" classname="PlotSlotManagerTest"/>
  <testcase name="removeCarFromSlot" time="0.0" classname="PlotSlotManagerTest"/>
  <testcase name="removeCarFromSlotNumber" time="0.002" classname="PlotSlotManagerTest"/>
  <testcase name="removeCarFromSlotNumber1" time="0.0" classname="PlotSlotManagerTest"/>
  <testcase name="removeFromSlot" time="0.0" classname="PlotSlotManagerTest"/>
  <testcase name="slotNumberByRegistrationNumberPresent" time="0.008" classname="PlotSlotManagerTest"/>
  <testcase name="slotNumberByRegistrationNumbersNotPresent" time="0.0" classname="PlotSlotManagerTest"/>
  <testcase name="statusOfSlot" time="0.0" classname="PlotSlotManagerTest"/>
</testsuite>
