<?xml version="1.0" encoding="UTF-8" ?>
<testsuite tests="11" failures="0" name="PlotSlotManagerTest" time="0.091" errors="0" skipped="0">
  <properties>
[...]
</properties>
  <testcase classname="PlotSlotManagerTest" name="checkFile" time="0.028"/>
  <testcase classname="PlotSlotManagerTest" name="createSlot" time="0"/>
  <testcase classname="PlotSlotManagerTest" name="createSlotwithError" time="0"/>
  <testcase classname="PlotSlotManagerTest" name="getAllRegistrationByColor" time="0.053"/>
  <testcase classname="PlotSlotManagerTest" name="removeCarFromSlot" time="0"/>
  <testcase classname="PlotSlotManagerTest" name="removeCarFromSlotNumber" time="0.002"/>
  <testcase classname="PlotSlotManagerTest" name="removeCarFromSlotNumber1" time="0"/>
  <testcase classname="PlotSlotManagerTest" name="removeFromSlot" time="0"/>
  <testcase classname="PlotSlotManagerTest" name="slotNumberByRegistrationNumberPresent" time="0.007"/>
  <testcase classname="PlotSlotManagerTest" name="slotNumberByRegistrationNumbersNotPresent" time="0.001"/>
  <testcase classname="PlotSlotManagerTest" name="statusOfSlot" time="0"/>
</testsuite>